<?xml version="1.0" encoding="UTF-8"?>
<!-- Generated by org.testng.reporters.JUnitReportReporter -->
<testsuite hostname="starboy123" failures="0" tests="1" name="Actual.vtiger.TC.CreateOrganizationTest" time="23.174" errors="0" timestamp="2024-04-26T17:26:01 IST" skipped="0">
  <testcase classname="Actual.vtiger.TC.CreateOrganizationTest" name="createorg" time="23.174"/>
  <system-out/>
</testsuite> <!-- Actual.vtiger.TC.CreateOrganizationTest -->
