<?xml version="1.0" encoding="UTF-8"?>
<!-- Generated by org.testng.reporters.JUnitReportReporter -->
<testsuite hostname="starboy123" failures="0" tests="1" name="Actual.vtiger.TC.CreateContactsTest" time="21.582" errors="0" timestamp="2024-04-27T09:44:24 IST" skipped="0">
  <testcase classname="Actual.vtiger.TC.CreateContactsTest" name="CreateContacts" time="21.582"/>
  <system-out/>
</testsuite> <!-- Actual.vtiger.TC.CreateContactsTest -->
